[16-Apr-2019 03:58:48] NOTICE: fpm is running, pid 1
[16-Apr-2019 03:58:48] NOTICE: ready to handle connections
[16-Apr-2019 06:19:37] NOTICE: Terminating ...
[16-Apr-2019 06:19:37] NOTICE: exiting, bye-bye!
[16-Apr-2019 06:20:02] NOTICE: fpm is running, pid 1
[16-Apr-2019 06:20:02] NOTICE: ready to handle connections
[16-Apr-2019 06:31:11] NOTICE: Terminating ...
[16-Apr-2019 06:31:11] NOTICE: exiting, bye-bye!
[16-Apr-2019 06:31:26] NOTICE: fpm is running, pid 1
[16-Apr-2019 06:31:26] NOTICE: ready to handle connections
[16-Apr-2019 06:31:40] WARNING: [pool www] seems busy (you may need to increase pm.start_servers, or pm.min/max_spare_servers), spawning 8 children, there are 0 idle, and 5 total children
[16-Apr-2019 06:31:41] WARNING: [pool www] seems busy (you may need to increase pm.start_servers, or pm.min/max_spare_servers), spawning 16 children, there are 0 idle, and 6 total children
[16-Apr-2019 13:25:08] NOTICE: Terminating ...
[16-Apr-2019 13:25:08] NOTICE: exiting, bye-bye!
[17-Apr-2019 01:26:28] NOTICE: fpm is running, pid 1
[17-Apr-2019 01:26:28] NOTICE: ready to handle connections
[17-Apr-2019 02:13:36] NOTICE: Terminating ...
[17-Apr-2019 02:13:36] NOTICE: exiting, bye-bye!
[17-Apr-2019 02:13:48] NOTICE: fpm is running, pid 1
[17-Apr-2019 02:13:48] NOTICE: ready to handle connections
[17-Apr-2019 02:15:50] NOTICE: Terminating ...
[17-Apr-2019 02:15:50] NOTICE: exiting, bye-bye!
[17-Apr-2019 02:15:59] NOTICE: fpm is running, pid 1
[17-Apr-2019 02:15:59] NOTICE: ready to handle connections
[17-Apr-2019 02:17:44] NOTICE: Terminating ...
[17-Apr-2019 02:17:44] NOTICE: exiting, bye-bye!
[17-Apr-2019 02:17:54] NOTICE: fpm is running, pid 1
[17-Apr-2019 02:17:54] NOTICE: ready to handle connections
[17-Apr-2019 02:20:24] NOTICE: Terminating ...
[17-Apr-2019 02:20:24] NOTICE: exiting, bye-bye!
[17-Apr-2019 02:20:33] NOTICE: fpm is running, pid 1
[17-Apr-2019 02:20:33] NOTICE: ready to handle connections
[17-Apr-2019 02:21:47] NOTICE: Terminating ...
[17-Apr-2019 02:21:47] NOTICE: exiting, bye-bye!
[17-Apr-2019 02:21:57] NOTICE: fpm is running, pid 1
[17-Apr-2019 02:21:57] NOTICE: ready to handle connections
[17-Apr-2019 02:24:47] NOTICE: Terminating ...
[17-Apr-2019 02:24:47] NOTICE: exiting, bye-bye!
[17-Apr-2019 02:25:14] NOTICE: fpm is running, pid 1
[17-Apr-2019 02:25:14] NOTICE: ready to handle connections
[17-Apr-2019 03:25:58] NOTICE: Terminating ...
[17-Apr-2019 03:25:58] NOTICE: exiting, bye-bye!
[17-Apr-2019 03:26:07] NOTICE: fpm is running, pid 1
[17-Apr-2019 03:26:07] NOTICE: ready to handle connections
[17-Apr-2019 03:48:51] NOTICE: Terminating ...
[17-Apr-2019 03:48:51] NOTICE: exiting, bye-bye!
[17-Apr-2019 03:49:06] NOTICE: fpm is running, pid 1
[17-Apr-2019 03:49:06] NOTICE: ready to handle connections
[17-Apr-2019 03:50:17] NOTICE: Terminating ...
[17-Apr-2019 03:50:17] NOTICE: exiting, bye-bye!
[17-Apr-2019 03:52:50] NOTICE: fpm is running, pid 1
[17-Apr-2019 03:52:50] NOTICE: ready to handle connections
[17-Apr-2019 03:54:14] NOTICE: Terminating ...
[17-Apr-2019 03:54:14] NOTICE: exiting, bye-bye!
[17-Apr-2019 04:39:49] NOTICE: fpm is running, pid 1
[17-Apr-2019 04:39:49] NOTICE: ready to handle connections
[18-Apr-2019 03:31:49] NOTICE: Terminating ...
[18-Apr-2019 03:31:49] NOTICE: exiting, bye-bye!
[18-Apr-2019 03:31:52] NOTICE: fpm is running, pid 1
[18-Apr-2019 03:31:52] NOTICE: ready to handle connections
[19-Apr-2019 05:28:52] NOTICE: Terminating ...
[19-Apr-2019 05:28:52] NOTICE: exiting, bye-bye!
[19-Apr-2019 05:48:40] NOTICE: fpm is running, pid 1
[19-Apr-2019 05:48:40] NOTICE: ready to handle connections
[19-Apr-2019 10:09:41] NOTICE: Terminating ...
[19-Apr-2019 10:09:41] NOTICE: exiting, bye-bye!
